<?xml version="1.0" encoding="UTF-8"?>
<!-- Generated by org.testng.reporters.JUnitReportReporter -->
<testsuite hostname="user-PC" name="com.actitime.genericlib.Customertest" tests="2" failures="0" timestamp="10 Nov 2019 12:51:27 GMT" time="0.000" errors="2">
  <testcase name="createcustomerTest" time="0.000" classname="com.actitime.genericlib.Customertest">
    <error type="java.lang.Error" message="Unresolved compilation problems: 
	void[] is an invalid type
	Syntax error on token &quot;configBM&quot;, AnnotationName expected after this token
	Illegal modifier for parameter configBM; only final is permitted
	Syntax error, insert &quot;)&quot; to complete NormalAnnotation
	Syntax error, insert &quot;[ ]&quot; to complete Dimension
	Syntax error, insert &quot;;&quot; to complete LocalVariableDeclarationStatement
	Syntax error on token &quot;void&quot;, @ expected
	Syntax error, insert &quot;VariableDeclarators&quot; to complete LocalVariableDeclaration
	Syntax error, insert &quot;;&quot; to complete LocalVariableDeclarationStatement
	Syntax error, insert &quot;AssignmentOperator Expression&quot; to complete Expression
">
      <![CDATA[java.lang.Error: Unresolved compilation problems: 
	void[] is an invalid type
	Syntax error on token "configBM", AnnotationName expected after this token
	Illegal modifier for parameter configBM; only final is permitted
	Syntax error, insert ")" to complete NormalAnnotation
	Syntax error, insert "[ ]" to complete Dimension
	Syntax error, insert ";" to complete LocalVariableDeclarationStatement
	Syntax error on token "void", @ expected
	Syntax error, insert "VariableDeclarators" to complete LocalVariableDeclaration
	Syntax error, insert ";" to complete LocalVariableDeclarationStatement
	Syntax error, insert "AssignmentOperator Expression" to complete Expression

	at com.actitime.genericlib.Baseclass.configBC(Baseclass.java:40)
	at sun.reflect.NativeMethodAccessorImpl.invoke0(Native Method)
	at sun.reflect.NativeMethodAccessorImpl.invoke(Unknown Source)
	at sun.reflect.DelegatingMethodAccessorImpl.invoke(Unknown Source)
	at java.lang.reflect.Method.invoke(Unknown Source)
	at org.testng.internal.MethodInvocationHelper.invokeMethod(MethodInvocationHelper.java:86)
	at org.testng.internal.Invoker.invokeConfigurationMethod(Invoker.java:514)
	at org.testng.internal.Invoker.invokeConfigurations(Invoker.java:215)
	at org.testng.internal.Invoker.invokeConfigurations(Invoker.java:142)
	at org.testng.internal.TestMethodWorker.invokeBeforeClassMethods(TestMethodWorker.java:178)
	at org.testng.internal.TestMethodWorker.run(TestMethodWorker.java:108)
	at org.testng.TestRunner.privateRun(TestRunner.java:782)
	at org.testng.TestRunner.run(TestRunner.java:632)
	at org.testng.SuiteRunner.runTest(SuiteRunner.java:366)
	at org.testng.SuiteRunner.runSequentially(SuiteRunner.java:361)
	at org.testng.SuiteRunner.privateRun(SuiteRunner.java:319)
	at org.testng.SuiteRunner.run(SuiteRunner.java:268)
	at org.testng.SuiteRunnerWorker.runSuite(SuiteRunnerWorker.java:52)
	at org.testng.SuiteRunnerWorker.run(SuiteRunnerWorker.java:86)
	at org.testng.TestNG.runSuitesSequentially(TestNG.java:1244)
	at org.testng.TestNG.runSuitesLocally(TestNG.java:1169)
	at org.testng.TestNG.run(TestNG.java:1064)
	at org.testng.remote.RemoteTestNG.run(RemoteTestNG.java:113)
	at org.testng.remote.RemoteTestNG.initAndRun(RemoteTestNG.java:206)
	at org.testng.remote.RemoteTestNG.main(RemoteTestNG.java:177)
]]>
    </error>
  </testcase> <!-- createcustomerTest -->
  <testcase name="modifycustomerTest" time="0.000" classname="com.actitime.genericlib.Customertest">
    <error type="java.lang.Error" message="Unresolved compilation problems: 
	void[] is an invalid type
	Syntax error on token &quot;configBM&quot;, AnnotationName expected after this token
	Illegal modifier for parameter configBM; only final is permitted
	Syntax error, insert &quot;)&quot; to complete NormalAnnotation
	Syntax error, insert &quot;[ ]&quot; to complete Dimension
	Syntax error, insert &quot;;&quot; to complete LocalVariableDeclarationStatement
	Syntax error on token &quot;void&quot;, @ expected
	Syntax error, insert &quot;VariableDeclarators&quot; to complete LocalVariableDeclaration
	Syntax error, insert &quot;;&quot; to complete LocalVariableDeclarationStatement
	Syntax error, insert &quot;AssignmentOperator Expression&quot; to complete Expression
">
      <![CDATA[java.lang.Error: Unresolved compilation problems: 
	void[] is an invalid type
	Syntax error on token "configBM", AnnotationName expected after this token
	Illegal modifier for parameter configBM; only final is permitted
	Syntax error, insert ")" to complete NormalAnnotation
	Syntax error, insert "[ ]" to complete Dimension
	Syntax error, insert ";" to complete LocalVariableDeclarationStatement
	Syntax error on token "void", @ expected
	Syntax error, insert "VariableDeclarators" to complete LocalVariableDeclaration
	Syntax error, insert ";" to complete LocalVariableDeclarationStatement
	Syntax error, insert "AssignmentOperator Expression" to complete Expression

	at com.actitime.genericlib.Baseclass.configBC(Baseclass.java:40)
	at sun.reflect.NativeMethodAccessorImpl.invoke0(Native Method)
	at sun.reflect.NativeMethodAccessorImpl.invoke(Unknown Source)
	at sun.reflect.DelegatingMethodAccessorImpl.invoke(Unknown Source)
	at java.lang.reflect.Method.invoke(Unknown Source)
	at org.testng.internal.MethodInvocationHelper.invokeMethod(MethodInvocationHelper.java:86)
	at org.testng.internal.Invoker.invokeConfigurationMethod(Invoker.java:514)
	at org.testng.internal.Invoker.invokeConfigurations(Invoker.java:215)
	at org.testng.internal.Invoker.invokeConfigurations(Invoker.java:142)
	at org.testng.internal.TestMethodWorker.invokeBeforeClassMethods(TestMethodWorker.java:178)
	at org.testng.internal.TestMethodWorker.run(TestMethodWorker.java:108)
	at org.testng.TestRunner.privateRun(TestRunner.java:782)
	at org.testng.TestRunner.run(TestRunner.java:632)
	at org.testng.SuiteRunner.runTest(SuiteRunner.java:366)
	at org.testng.SuiteRunner.runSequentially(SuiteRunner.java:361)
	at org.testng.SuiteRunner.privateRun(SuiteRunner.java:319)
	at org.testng.SuiteRunner.run(SuiteRunner.java:268)
	at org.testng.SuiteRunnerWorker.runSuite(SuiteRunnerWorker.java:52)
	at org.testng.SuiteRunnerWorker.run(SuiteRunnerWorker.java:86)
	at org.testng.TestNG.runSuitesSequentially(TestNG.java:1244)
	at org.testng.TestNG.runSuitesLocally(TestNG.java:1169)
	at org.testng.TestNG.run(TestNG.java:1064)
	at org.testng.remote.RemoteTestNG.run(RemoteTestNG.java:113)
	at org.testng.remote.RemoteTestNG.initAndRun(RemoteTestNG.java:206)
	at org.testng.remote.RemoteTestNG.main(RemoteTestNG.java:177)
]]>
    </error>
  </testcase> <!-- modifycustomerTest -->
</testsuite> <!-- com.actitime.genericlib.Customertest -->
